This is pdfTeX, Version 3.1415926-1.40.10 (TeX Live 2009/Debian) (format=pdflatex 2013.9.20)  25 APR 2014 00:36
entering extended mode
 %&-line parsing enabled.
**Assembly.tex
(./Assembly.tex
LaTeX2e <2009/09/24>
Babel <v3.8l> and hyphenation patterns for english, usenglishmax, dumylang, noh
yphenation, loaded.
(/usr/share/texmf-texlive/tex/latex/base/article.cls
Document Class: article 2007/10/19 v1.4h Standard LaTeX document class
(/usr/share/texmf-texlive/tex/latex/base/size10.clo
File: size10.clo 2007/10/19 v1.4h Standard LaTeX file (size option)
)
\c@part=\count79
\c@section=\count80
\c@subsection=\count81
\c@subsubsection=\count82
\c@paragraph=\count83
\c@subparagraph=\count84
\c@figure=\count85
\c@table=\count86
\abovecaptionskip=\skip41
\belowcaptionskip=\skip42
\bibindent=\dimen102
)
(/usr/share/texmf-texlive/tex/generic/babel/babel.sty
Package: babel 2008/07/06 v3.8l The Babel package

(/usr/share/texmf-texlive/tex/generic/babel/english.ldf
Language: english 2005/03/30 v3.3o English support from the babel system

(/usr/share/texmf-texlive/tex/generic/babel/babel.def
File: babel.def 2008/07/06 v3.8l Babel common definitions
\babel@savecnt=\count87
\U@D=\dimen103
)
\l@british = a dialect from \language\l@english 
\l@UKenglish = a dialect from \language\l@english 
\l@canadian = a dialect from \language\l@american 
\l@australian = a dialect from \language\l@british 
\l@newzealand = a dialect from \language\l@british 
))
(/usr/share/texmf-texlive/tex/latex/fancyhdr/fancyhdr.sty
\fancy@headwidth=\skip43
\f@ncyO@elh=\skip44
\f@ncyO@erh=\skip45
\f@ncyO@olh=\skip46
\f@ncyO@orh=\skip47
\f@ncyO@elf=\skip48
\f@ncyO@erf=\skip49
\f@ncyO@olf=\skip50
\f@ncyO@orf=\skip51
)
(/usr/share/texmf-texlive/tex/latex/tools/array.sty
Package: array 2008/09/09 v2.4c Tabular extension package (FMi)
\col@sep=\dimen104
\extrarowheight=\dimen105
\NC@list=\toks14
\extratabsurround=\skip52
\backup@length=\skip53
)
(/usr/share/texmf-texlive/tex/latex/caption/caption.sty
Package: caption 2009/10/09 v3.1k Customizing captions (AR)

(/usr/share/texmf-texlive/tex/latex/caption/caption3.sty
Package: caption3 2009/10/09 v3.1k caption3 kernel (AR)

(/usr/share/texmf-texlive/tex/latex/graphics/keyval.sty
Package: keyval 1999/03/16 v1.13 key=value parser (DPC)
\KV@toks@=\toks15
)
\captionmargin=\dimen106
\captionmargin@=\dimen107
\captionwidth=\dimen108
\caption@indent=\dimen109
\caption@parindent=\dimen110
\caption@hangindent=\dimen111
)
\c@ContinuedFloat=\count88
)
(/usr/share/texmf-texlive/tex/latex/caption/subcaption.sty
Package: subcaption 2008/08/31 v1.0b Adding subcaptions (AR)
\c@subfigure=\count89
\c@subtable=\count90
)
(/usr/share/texmf-texlive/tex/latex/graphics/graphicx.sty
Package: graphicx 1999/02/16 v1.0f Enhanced LaTeX Graphics (DPC,SPQR)

(/usr/share/texmf-texlive/tex/latex/graphics/graphics.sty
Package: graphics 2009/02/05 v1.0o Standard LaTeX Graphics (DPC,SPQR)

(/usr/share/texmf-texlive/tex/latex/graphics/trig.sty
Package: trig 1999/03/16 v1.09 sin cos tan (DPC)
)
(/etc/texmf/tex/latex/config/graphics.cfg
File: graphics.cfg 2009/08/28 v1.8 graphics configuration of TeX Live
)
Package graphics Info: Driver file: pdftex.def on input line 91.

(/usr/share/texmf-texlive/tex/latex/pdftex-def/pdftex.def
File: pdftex.def 2010/03/12 v0.04p Graphics/color for pdfTeX
\Gread@gobject=\count91
))
\Gin@req@height=\dimen112
\Gin@req@width=\dimen113
) (./Assembly.aux)
\openout1 = `Assembly.aux'.

LaTeX Font Info:    Checking defaults for OML/cmm/m/it on input line 18.
LaTeX Font Info:    ... okay on input line 18.
LaTeX Font Info:    Checking defaults for T1/cmr/m/n on input line 18.
LaTeX Font Info:    ... okay on input line 18.
LaTeX Font Info:    Checking defaults for OT1/cmr/m/n on input line 18.
LaTeX Font Info:    ... okay on input line 18.
LaTeX Font Info:    Checking defaults for OMS/cmsy/m/n on input line 18.
LaTeX Font Info:    ... okay on input line 18.
LaTeX Font Info:    Checking defaults for OMX/cmex/m/n on input line 18.
LaTeX Font Info:    ... okay on input line 18.
LaTeX Font Info:    Checking defaults for U/cmr/m/n on input line 18.
LaTeX Font Info:    ... okay on input line 18.
Package caption Info: Begin \AtBeginDocument code.
Package caption Info: End \AtBeginDocument code.

(/usr/share/texmf-texlive/tex/context/base/supp-pdf.mkii
[Loading MPS to PDF converter (version 2006.09.02).]
\scratchcounter=\count92
\scratchdimen=\dimen114
\scratchbox=\box26
\nofMPsegments=\count93
\nofMParguments=\count94
\everyMPshowfont=\toks16
\MPscratchCnt=\count95
\MPscratchDim=\dimen115
\MPnumerator=\count96
\everyMPtoPDFconversion=\toks17
)
LaTeX Font Info:    External font `cmex10' loaded for size
(Font)              <7> on input line 21.
LaTeX Font Info:    External font `cmex10' loaded for size
(Font)              <5> on input line 21.
Missing character: There is no Î in font cmr10!
Missing character: There is no ¦ in font cmr10!
Missing character: There is no Î in font cmr10!
Missing character: There is no ¦ in font cmr10!

Overfull \hbox (33.1285pt too wide) in paragraph at lines 65--86
 [] 
 []

<figures/satnogs-logo.png, id=1, 80.3pt x 99.1705pt>
File: figures/satnogs-logo.png Graphic file (type png)

<use figures/satnogs-logo.png> [1

{/var/lib/texmf/fonts/map/pdftex/updmap/pdftex.map} <./figures/satnogs-logo.png
>]
<figures/axis_large.png, id=9, 963.6pt x 542.025pt>
File: figures/axis_large.png Graphic file (type png)

<use figures/axis_large.png>
<figures/axis_small.png, id=10, 963.6pt x 542.025pt>
File: figures/axis_small.png Graphic file (type png)

<use figures/axis_small.png>
<figures/motor_mount.png, id=11, 963.6pt x 542.025pt>
File: figures/motor_mount.png Graphic file (type png)

<use figures/motor_mount.png> <figures/base.png, id=12, 963.6pt x 542.025pt>
File: figures/base.png Graphic file (type png)

<use figures/base.png> <figures/worm_gear.png, id=13, 963.6pt x 542.025pt>
File: figures/worm_gear.png Graphic file (type png)

<use figures/worm_gear.png> <figures/gear.png, id=14, 963.6pt x 542.025pt>
File: figures/gear.png Graphic file (type png)

<use figures/gear.png> <figures/gear_ring.png, id=15, 963.6pt x 542.025pt>
File: figures/gear_ring.png Graphic file (type png)

<use figures/gear_ring.png>
<figures/azimuth_spacer.png, id=16, 963.6pt x 542.025pt>
File: figures/azimuth_spacer.png Graphic file (type png)

<use figures/azimuth_spacer.png>
<figures/box_axis_bushing.png, id=17, 963.6pt x 542.025pt>
File: figures/box_axis_bushing.png Graphic file (type png)

<use figures/box_axis_bushing.png>
<figures/Box.jpg, id=18, 250.9375pt x 200.75pt>
File: figures/Box.jpg Graphic file (type jpg)
 <use figures/Box.jpg>
File: figures/satnogs-logo.png Graphic file (type png)

<use figures/satnogs-logo.png> [2 <./figures/axis_large.png> <./figures/axis_sm
all.png> <./figures/motor_mount.png> <./figures/base.png> <./figures/worm_gear.
png> <./figures/gear.png> <./figures/gear_ring.png> <./figures/azimuth_spacer.p
ng> <./figures/box_axis_bushing.png> <./figures/Box.jpg>] (./Assembly.aux) ) 
Here is how much of TeX's memory you used:
 2419 strings out of 495061
 35493 string characters out of 1182621
 97559 words of memory out of 3000000
 5617 multiletter control sequences out of 15000+50000
 3939 words of font info for 15 fonts, out of 3000000 for 9000
 28 hyphenation exceptions out of 8191
 36i,13n,43p,213b,414s stack positions out of 5000i,500n,10000p,200000b,50000s
</u
sr/share/texmf-texlive/fonts/type1/public/amsfonts/cm/cmr10.pfb></usr/share/tex
mf-texlive/fonts/type1/public/amsfonts/cm/cmr9.pfb>
Output written on Assembly.pdf (2 pages, 598043 bytes).
PDF statistics:
 39 PDF objects out of 1000 (max. 8388607)
 0 named destinations out of 1000 (max. 500000)
 56 words of extra memory for PDF output out of 10000 (max. 10000000)

